<?xml version="1.0" encoding="UTF-8"?>
<testng-results skipped="0" failed="2" total="2" passed="0">
  <reporter-output>
  </reporter-output>
  <suite name="Suite1" duration-ms="37151" started-at="2014-10-16T22:38:20Z" finished-at="2014-10-16T22:38:58Z">
    <groups>
    </groups>
    <test name="test1" duration-ms="37151" started-at="2014-10-16T22:38:20Z" finished-at="2014-10-16T22:38:58Z">
      <class name="TestngWordpressExample">
        <test-method status="PASS" signature="setUp()[pri:0, instance:TestngWordpressExample@72af7b86]" name="setUp" is-config="true" duration-ms="14284" started-at="2014-10-16T18:38:20Z" finished-at="2014-10-16T18:38:35Z">
          <reporter-output>
          </reporter-output>
        </test-method> <!-- setUp -->
        <test-method status="FAIL" signature="launchSite()[pri:0, instance:TestngWordpressExample@72af7b86]" name="launchSite" duration-ms="22666" started-at="2014-10-16T18:38:35Z" description="Launches the WordPress site" finished-at="2014-10-16T18:38:57Z">
          <exception class="java.lang.AssertionError">
            <message>
              <![CDATA[expected [WordPress Demo Install › Log In] but found [502 Bad Gateway]]]>
            </message>
            <full-stacktrace>
              <![CDATA[java.lang.AssertionError: expected [WordPress Demo Install › Log In] but found [502 Bad Gateway]
	at org.testng.Assert.fail(Assert.java:94)
	at org.testng.Assert.failNotEquals(Assert.java:494)
	at org.testng.Assert.assertEquals(Assert.java:123)
	at org.testng.Assert.assertEquals(Assert.java:176)
	at org.testng.Assert.assertEquals(Assert.java:186)
	at TestngWordpressExample.launchSite(TestngWordpressExample.java:35)
	at sun.reflect.NativeMethodAccessorImpl.invoke0(Native Method)
	at sun.reflect.NativeMethodAccessorImpl.invoke(NativeMethodAccessorImpl.java:57)
	at sun.reflect.DelegatingMethodAccessorImpl.invoke(DelegatingMethodAccessorImpl.java:43)
	at java.lang.reflect.Method.invoke(Method.java:606)
	at org.testng.internal.MethodInvocationHelper.invokeMethod(MethodInvocationHelper.java:84)
	at org.testng.internal.Invoker.invokeMethod(Invoker.java:714)
	at org.testng.internal.Invoker.invokeTestMethod(Invoker.java:901)
	at org.testng.internal.Invoker.invokeTestMethods(Invoker.java:1231)
	at org.testng.internal.TestMethodWorker.invokeTestMethods(TestMethodWorker.java:127)
	at org.testng.internal.TestMethodWorker.run(TestMethodWorker.java:111)
	at org.testng.TestRunner.privateRun(TestRunner.java:767)
	at org.testng.TestRunner.run(TestRunner.java:617)
	at org.testng.SuiteRunner.runTest(SuiteRunner.java:335)
	at org.testng.SuiteRunner.runSequentially(SuiteRunner.java:330)
	at org.testng.SuiteRunner.privateRun(SuiteRunner.java:291)
	at org.testng.SuiteRunner.run(SuiteRunner.java:240)
	at org.testng.SuiteRunnerWorker.runSuite(SuiteRunnerWorker.java:52)
	at org.testng.SuiteRunnerWorker.run(SuiteRunnerWorker.java:86)
	at org.testng.TestNG.runSuitesSequentially(TestNG.java:1224)
	at org.testng.TestNG.runSuitesLocally(TestNG.java:1149)
	at org.testng.TestNG.run(TestNG.java:1057)
	at org.testng.TestNG.privateMain(TestNG.java:1364)
	at org.testng.TestNG.main(TestNG.java:1333)
]]>
            </full-stacktrace>
          </exception> <!-- java.lang.AssertionError -->
          <reporter-output>
          </reporter-output>
        </test-method> <!-- launchSite -->
        <test-method status="FAIL" signature="loginAsAdmin()[pri:0, instance:TestngWordpressExample@72af7b86]" name="loginAsAdmin" duration-ms="74" started-at="2014-10-16T18:38:57Z" description="Enters valid login data" finished-at="2014-10-16T18:38:57Z">
          <exception class="org.openqa.selenium.NoSuchElementException">
            <message>
              <![CDATA[Unable to locate element: {"method":"id","selector":"user_login"}
Command duration or timeout: 11 milliseconds
For documentation on this error, please visit: http://seleniumhq.org/exceptions/no_such_element.html
Build info: version: '2.43.1', revision: '5163bce', time: '2014-09-10 16:27:33'
System info: host: 'shris-mbp.home', ip: '192.168.1.2', os.name: 'Mac OS X', os.arch: 'x86_64', os.version: '10.9.3', java.version: '1.7.0_67'
Session ID: 2d18207c-39e7-e642-a641-a1a406df9848
Driver info: org.openqa.selenium.firefox.FirefoxDriver
Capabilities [{platform=MAC, databaseEnabled=true, cssSelectorsEnabled=true, javascriptEnabled=true, acceptSslCerts=true, handlesAlerts=true, browserName=firefox, webStorageEnabled=true, nativeEvents=false, rotatable=false, locationContextEnabled=true, applicationCacheEnabled=true, takesScreenshot=true, version=32.0.3}]]]>
            </message>
            <full-stacktrace>
              <![CDATA[org.openqa.selenium.NoSuchElementException: Unable to locate element: {"method":"id","selector":"user_login"}
Command duration or timeout: 11 milliseconds
For documentation on this error, please visit: http://seleniumhq.org/exceptions/no_such_element.html
Build info: version: '2.43.1', revision: '5163bce', time: '2014-09-10 16:27:33'
System info: host: 'shris-mbp.home', ip: '192.168.1.2', os.name: 'Mac OS X', os.arch: 'x86_64', os.version: '10.9.3', java.version: '1.7.0_67'
Session ID: 2d18207c-39e7-e642-a641-a1a406df9848
Driver info: org.openqa.selenium.firefox.FirefoxDriver
Capabilities [{platform=MAC, databaseEnabled=true, cssSelectorsEnabled=true, javascriptEnabled=true, acceptSslCerts=true, handlesAlerts=true, browserName=firefox, webStorageEnabled=true, nativeEvents=false, rotatable=false, locationContextEnabled=true, applicationCacheEnabled=true, takesScreenshot=true, version=32.0.3}]
	at sun.reflect.NativeConstructorAccessorImpl.newInstance0(Native Method)
	at sun.reflect.NativeConstructorAccessorImpl.newInstance(NativeConstructorAccessorImpl.java:57)
	at sun.reflect.DelegatingConstructorAccessorImpl.newInstance(DelegatingConstructorAccessorImpl.java:45)
	at java.lang.reflect.Constructor.newInstance(Constructor.java:526)
	at org.openqa.selenium.remote.ErrorHandler.createThrowable(ErrorHandler.java:204)
	at org.openqa.selenium.remote.ErrorHandler.throwIfResponseFailed(ErrorHandler.java:156)
	at org.openqa.selenium.remote.RemoteWebDriver.execute(RemoteWebDriver.java:599)
	at org.openqa.selenium.remote.RemoteWebDriver.findElement(RemoteWebDriver.java:352)
	at org.openqa.selenium.remote.RemoteWebDriver.findElementById(RemoteWebDriver.java:393)
	at org.openqa.selenium.By$ById.findElement(By.java:214)
	at org.openqa.selenium.remote.RemoteWebDriver.findElement(RemoteWebDriver.java:344)
	at TestngWordpressExample.loginAsAdmin(TestngWordpressExample.java:41)
	at sun.reflect.NativeMethodAccessorImpl.invoke0(Native Method)
	at sun.reflect.NativeMethodAccessorImpl.invoke(NativeMethodAccessorImpl.java:57)
	at sun.reflect.DelegatingMethodAccessorImpl.invoke(DelegatingMethodAccessorImpl.java:43)
	at java.lang.reflect.Method.invoke(Method.java:606)
	at org.testng.internal.MethodInvocationHelper.invokeMethod(MethodInvocationHelper.java:84)
	at org.testng.internal.Invoker.invokeMethod(Invoker.java:714)
	at org.testng.internal.Invoker.invokeTestMethod(Invoker.java:901)
	at org.testng.internal.Invoker.invokeTestMethods(Invoker.java:1231)
	at org.testng.internal.TestMethodWorker.invokeTestMethods(TestMethodWorker.java:127)
	at org.testng.internal.TestMethodWorker.run(TestMethodWorker.java:111)
	at org.testng.TestRunner.privateRun(TestRunner.java:767)
	at org.testng.TestRunner.run(TestRunner.java:617)
	at org.testng.SuiteRunner.runTest(SuiteRunner.java:335)
	at org.testng.SuiteRunner.runSequentially(SuiteRunner.java:330)
	at org.testng.SuiteRunner.privateRun(SuiteRunner.java:291)
	at org.testng.SuiteRunner.run(SuiteRunner.java:240)
	at org.testng.SuiteRunnerWorker.runSuite(SuiteRunnerWorker.java:52)
	at org.testng.SuiteRunnerWorker.run(SuiteRunnerWorker.java:86)
	at org.testng.TestNG.runSuitesSequentially(TestNG.java:1224)
	at org.testng.TestNG.runSuitesLocally(TestNG.java:1149)
	at org.testng.TestNG.run(TestNG.java:1057)
	at org.testng.TestNG.privateMain(TestNG.java:1364)
	at org.testng.TestNG.main(TestNG.java:1333)
Caused by: org.openqa.selenium.NoSuchElementException: Unable to locate element: {"method":"id","selector":"user_login"}
For documentation on this error, please visit: http://seleniumhq.org/exceptions/no_such_element.html
Build info: version: '2.43.1', revision: '5163bce', time: '2014-09-10 16:27:33'
System info: host: 'shris-mbp.home', ip: '192.168.1.2', os.name: 'Mac OS X', os.arch: 'x86_64', os.version: '10.9.3', java.version: '1.7.0_67'
Driver info: driver.version: unknown
	at <anonymous class>.FirefoxDriver.prototype.findElementInternal_(file:///var/folders/b7/yq_jk8913757py_4m9_kh9_40000gn/T/anonymous1731909250685868813webdriver-profile/extensions/fxdriver@googlecode.com/components/driver-component.js:9618:133)
	at <anonymous class>.FirefoxDriver.prototype.findElement(file:///var/folders/b7/yq_jk8913757py_4m9_kh9_40000gn/T/anonymous1731909250685868813webdriver-profile/extensions/fxdriver@googlecode.com/components/driver-component.js:9627:3)
	at <anonymous class>.DelayedCommand.prototype.executeInternal_/h(file:///var/folders/b7/yq_jk8913757py_4m9_kh9_40000gn/T/anonymous1731909250685868813webdriver-profile/extensions/fxdriver@googlecode.com/components/command-processor.js:11612:16)
	at <anonymous class>.DelayedCommand.prototype.executeInternal_(file:///var/folders/b7/yq_jk8913757py_4m9_kh9_40000gn/T/anonymous1731909250685868813webdriver-profile/extensions/fxdriver@googlecode.com/components/command-processor.js:11617:7)
	at <anonymous class>.DelayedCommand.prototype.execute/<(file:///var/folders/b7/yq_jk8913757py_4m9_kh9_40000gn/T/anonymous1731909250685868813webdriver-profile/extensions/fxdriver@googlecode.com/components/command-processor.js:11559:5)
]]>
            </full-stacktrace>
          </exception> <!-- org.openqa.selenium.NoSuchElementException -->
          <reporter-output>
          </reporter-output>
        </test-method> <!-- loginAsAdmin -->
        <test-method status="PASS" signature="tearDown()[pri:0, instance:TestngWordpressExample@72af7b86]" name="tearDown" is-config="true" duration-ms="75" started-at="2014-10-16T18:38:57Z" finished-at="2014-10-16T18:38:58Z">
          <reporter-output>
          </reporter-output>
        </test-method> <!-- tearDown -->
      </class> <!-- TestngWordpressExample -->
    </test> <!-- test1 -->
  </suite> <!-- Suite1 -->
</testng-results>
