<?xml version="1.0" encoding="UTF-8"?>
<robot generated="20150217 10:09:09.421" generator="Robot 2.8.5 (Python 2.7.4 on win32)">
<suite source="C:\Documents and Settings\chuck\Desktop\shri\Development\test_scripts\robot" id="s1" name="Robot">
<suite source="C:\Documents and Settings\chuck\Desktop\shri\Development\test_scripts\robot\grubhub" id="s1-s1" name="Grubhub">
<suite source="C:\Documents and Settings\chuck\Desktop\shri\Development\test_scripts\robot\grubhub\valid_login.txt" id="s1-s1-s1" name="Valid Login">
<test id="s1-s1-s1-t1" name="Valid Login">
<kw type="kw" name="resource.Open Browser To Main Page">
<doc></doc>
<arguments>
</arguments>
<kw type="kw" name="Selenium2Library.Open Browser">
<doc>Opens a new browser instance to given URL.</doc>
<arguments>
<arg>${URL}</arg>
<arg>${BROWSER}</arg>
<arg>remote_url=${REMOTE}</arg>
<arg>desired_capabilities=${DESIRED CAPABILITIES}</arg>
</arguments>
<msg timestamp="20150217 10:09:10.375" level="INFO">Opening browser 'Firefox' to base url 'http://www.grubhub.com/'</msg>
<status status="PASS" endtime="20150217 10:09:33.328" starttime="20150217 10:09:10.375"></status>
</kw>
<kw type="kw" name="Selenium2Library.Maximize Browser Window">
<doc>Maximizes current browser window.</doc>
<arguments>
</arguments>
<status status="PASS" endtime="20150217 10:09:34.140" starttime="20150217 10:09:33.343"></status>
</kw>
<kw type="kw" name="Selenium2Library.Set Selenium Speed">
<doc>Sets the delay in seconds that is waited after each Selenium command.</doc>
<arguments>
<arg>${DELAY}</arg>
</arguments>
<status status="PASS" endtime="20150217 10:09:34.140" starttime="20150217 10:09:34.140"></status>
</kw>
<kw type="kw" name="resource.Main Page Should Be Open">
<doc></doc>
<arguments>
</arguments>
<kw type="kw" name="Selenium2Library.Title Should Be">
<doc>Verifies that current page title equals `title`.</doc>
<arguments>
<arg>Food Delivery | Restaurant Takeout | Order Food Online | GrubHub</arg>
</arguments>
<msg timestamp="20150217 10:09:34.421" level="INFO">Page title is 'Food Delivery | Restaurant Takeout | Order Food Online | GrubHub'.</msg>
<status status="PASS" endtime="20150217 10:09:34.421" starttime="20150217 10:09:34.156"></status>
</kw>
<status status="PASS" endtime="20150217 10:09:34.421" starttime="20150217 10:09:34.140"></status>
</kw>
<status status="PASS" endtime="20150217 10:09:34.421" starttime="20150217 10:09:10.375"></status>
</kw>
<kw type="kw" name="resource.Sign In">
<doc></doc>
<arguments>
<arg>lilredindy@gmail.com</arg>
<arg>maverick</arg>
</arguments>
<kw type="kw" name="Selenium2Library.Click Link">
<doc>Clicks a link identified by locator.</doc>
<arguments>
<arg>css=a.login-link</arg>
</arguments>
<msg timestamp="20150217 10:09:34.421" level="INFO">Clicking link 'css=a.login-link'.</msg>
<status status="PASS" endtime="20150217 10:09:35.234" starttime="20150217 10:09:34.421"></status>
</kw>
<kw type="kw" name="Selenium2Library.Input Text">
<doc>Types the given `text` into text field identified by `locator`.</doc>
<arguments>
<arg>id=login-email</arg>
<arg>${email}</arg>
</arguments>
<msg timestamp="20150217 10:09:35.234" level="INFO">Typing text 'lilredindy@gmail.com' into text field 'id=login-email'</msg>
<status status="PASS" endtime="20150217 10:09:35.625" starttime="20150217 10:09:35.234"></status>
</kw>
<kw type="kw" name="Selenium2Library.Input Text">
<doc>Types the given `text` into text field identified by `locator`.</doc>
<arguments>
<arg>id=login-password</arg>
<arg>${password}</arg>
</arguments>
<msg timestamp="20150217 10:09:35.640" level="INFO">Typing text 'maverick' into text field 'id=login-password'</msg>
<status status="PASS" endtime="20150217 10:09:36.515" starttime="20150217 10:09:35.625"></status>
</kw>
<kw type="kw" name="Selenium2Library.Click Button">
<doc>Clicks a button identified by `locator`.</doc>
<arguments>
<arg>css=input.primaryActionButton.submit</arg>
</arguments>
<msg timestamp="20150217 10:09:36.515" level="INFO">Clicking button 'css=input.primaryActionButton.submit'.</msg>
<status status="PASS" endtime="20150217 10:09:36.718" starttime="20150217 10:09:36.515"></status>
</kw>
<kw type="kw" name="resource.User Should Be Logged In">
<doc></doc>
<arguments>
</arguments>
<kw type="kw" name="Selenium2Library.Location Should Be">
<doc>Verifies that current URL is exactly `url`.</doc>
<arguments>
<arg>https://www.grubhub.com/</arg>
</arguments>
<msg timestamp="20150217 10:09:36.734" level="INFO">Current location is 'https://www.grubhub.com/'.</msg>
<status status="PASS" endtime="20150217 10:09:36.734" starttime="20150217 10:09:36.718"></status>
</kw>
<kw type="kw" name="Selenium2Library.Wait Until Page Contains Element">
<doc>Waits until element specified with `locator` appears on current page.</doc>
<arguments>
<arg>css=div.status-loggedin</arg>
</arguments>
<status status="PASS" endtime="20150217 10:09:36.750" starttime="20150217 10:09:36.734"></status>
</kw>
<status status="PASS" endtime="20150217 10:09:36.750" starttime="20150217 10:09:36.718"></status>
</kw>
<status status="PASS" endtime="20150217 10:09:36.750" starttime="20150217 10:09:34.421"></status>
</kw>
<kw type="teardown" name="Selenium2Library.Close Browser">
<doc>Closes the current browser.</doc>
<arguments>
</arguments>
<msg timestamp="20150217 10:09:36.890" level="INFO">[Error 5] Access is denied: 'c:\\docume~1\\chuck\\locals~1\\temp\\tmpnrrjvp\\webdriver-py-profilecopy\\cookies.sqlite-shm'</msg>
<status status="PASS" endtime="20150217 10:09:36.890" starttime="20150217 10:09:36.750"></status>
</kw>
<doc></doc>
<tags>
</tags>
<status status="PASS" endtime="20150217 10:09:36.890" critical="yes" starttime="20150217 10:09:10.375"></status>
</test>
<test id="s1-s1-s1-t2" name="Change Name">
<doc></doc>
<tags>
</tags>
<status status="FAIL" endtime="20150217 10:09:36.906" critical="yes" starttime="20150217 10:09:36.906">Test case contains no keywords.</status>
</test>
<doc>A test suite with a single test for valid login.

This test has a workflow that is created using keywords in
the imported resource file.</doc>
<metadata>
</metadata>
<status status="FAIL" endtime="20150217 10:09:36.937" starttime="20150217 10:09:09.578"></status>
</suite>
<doc></doc>
<metadata>
</metadata>
<status status="FAIL" endtime="20150217 10:09:36.984" starttime="20150217 10:09:09.562"></status>
</suite>
<suite source="C:\Documents and Settings\chuck\Desktop\shri\Development\test_scripts\robot\RobotDemo" id="s1-s2" name="RobotDemo">
<suite source="C:\Documents and Settings\chuck\Desktop\shri\Development\test_scripts\robot\RobotDemo\data_driven.txt" id="s1-s2-s1" name="Data Driven">
<test id="s1-s2-s1-t1" name="Addition">
<kw type="kw" name="Calculate">
<doc></doc>
<arguments>
<arg>12 + 2 + 2</arg>
<arg>16</arg>
</arguments>
<kw type="kw" name="Push buttons">
<doc></doc>
<arguments>
<arg>C${expression}=</arg>
</arguments>
<msg timestamp="20150217 10:09:37.140" level="FAIL">No keyword with name 'Push buttons' found.</msg>
<status status="FAIL" endtime="20150217 10:09:37.140" starttime="20150217 10:09:37.140"></status>
</kw>
<status status="FAIL" endtime="20150217 10:09:37.140" starttime="20150217 10:09:37.140"></status>
</kw>
<doc></doc>
<tags>
</tags>
<status status="FAIL" endtime="20150217 10:09:37.140" critical="yes" starttime="20150217 10:09:37.140">No keyword with name 'Push buttons' found.</status>
</test>
<test id="s1-s2-s1-t2" name="Subtraction">
<kw type="kw" name="Calculate">
<doc></doc>
<arguments>
<arg>12 - 2 - 2</arg>
<arg>8</arg>
</arguments>
<kw type="kw" name="Push buttons">
<doc></doc>
<arguments>
<arg>C${expression}=</arg>
</arguments>
<msg timestamp="20150217 10:09:37.156" level="FAIL">No keyword with name 'Push buttons' found.</msg>
<status status="FAIL" endtime="20150217 10:09:37.156" starttime="20150217 10:09:37.156"></status>
</kw>
<status status="FAIL" endtime="20150217 10:09:37.156" starttime="20150217 10:09:37.156"></status>
</kw>
<doc></doc>
<tags>
</tags>
<status status="FAIL" endtime="20150217 10:09:37.156" critical="yes" starttime="20150217 10:09:37.156">No keyword with name 'Push buttons' found.</status>
</test>
<test id="s1-s2-s1-t3" name="Multiplication">
<kw type="kw" name="Calculate">
<doc></doc>
<arguments>
<arg>12 * 2 * 2</arg>
<arg>48</arg>
</arguments>
<kw type="kw" name="Push buttons">
<doc></doc>
<arguments>
<arg>C${expression}=</arg>
</arguments>
<msg timestamp="20150217 10:09:37.171" level="FAIL">No keyword with name 'Push buttons' found.</msg>
<status status="FAIL" endtime="20150217 10:09:37.171" starttime="20150217 10:09:37.171"></status>
</kw>
<status status="FAIL" endtime="20150217 10:09:37.171" starttime="20150217 10:09:37.171"></status>
</kw>
<doc></doc>
<tags>
</tags>
<status status="FAIL" endtime="20150217 10:09:37.171" critical="yes" starttime="20150217 10:09:37.171">No keyword with name 'Push buttons' found.</status>
</test>
<test id="s1-s2-s1-t4" name="Division">
<kw type="kw" name="Calculate">
<doc></doc>
<arguments>
<arg>12 / 2 / 2</arg>
<arg>3</arg>
</arguments>
<kw type="kw" name="Push buttons">
<doc></doc>
<arguments>
<arg>C${expression}=</arg>
</arguments>
<msg timestamp="20150217 10:09:37.187" level="FAIL">No keyword with name 'Push buttons' found.</msg>
<status status="FAIL" endtime="20150217 10:09:37.187" starttime="20150217 10:09:37.187"></status>
</kw>
<status status="FAIL" endtime="20150217 10:09:37.187" starttime="20150217 10:09:37.187"></status>
</kw>
<doc></doc>
<tags>
</tags>
<status status="FAIL" endtime="20150217 10:09:37.187" critical="yes" starttime="20150217 10:09:37.187">No keyword with name 'Push buttons' found.</status>
</test>
<test id="s1-s2-s1-t5" name="Failing">
<kw type="kw" name="Calculate">
<doc></doc>
<arguments>
<arg>1 + 1</arg>
<arg>3</arg>
</arguments>
<kw type="kw" name="Push buttons">
<doc></doc>
<arguments>
<arg>C${expression}=</arg>
</arguments>
<msg timestamp="20150217 10:09:37.203" level="FAIL">No keyword with name 'Push buttons' found.</msg>
<status status="FAIL" endtime="20150217 10:09:37.203" starttime="20150217 10:09:37.203"></status>
</kw>
<status status="FAIL" endtime="20150217 10:09:37.203" starttime="20150217 10:09:37.203"></status>
</kw>
<doc></doc>
<tags>
</tags>
<status status="FAIL" endtime="20150217 10:09:37.203" critical="yes" starttime="20150217 10:09:37.203">No keyword with name 'Push buttons' found.</status>
</test>
<test id="s1-s2-s1-t6" name="Calculation error">
<kw type="kw" name="Calculation should fail">
<doc></doc>
<arguments>
<arg>kekkonen</arg>
<arg>Invalid button 'k'.</arg>
</arguments>
<kw type="kw" name="${error} = Should cause error">
<doc></doc>
<arguments>
<arg>C${expression}=</arg>
</arguments>
<msg timestamp="20150217 10:09:37.218" level="FAIL">No keyword with name 'Should cause error' found.</msg>
<status status="FAIL" endtime="20150217 10:09:37.218" starttime="20150217 10:09:37.218"></status>
</kw>
<status status="FAIL" endtime="20150217 10:09:37.218" starttime="20150217 10:09:37.218"></status>
</kw>
<doc></doc>
<tags>
</tags>
<status status="FAIL" endtime="20150217 10:09:37.218" critical="yes" starttime="20150217 10:09:37.218">No keyword with name 'Should cause error' found.</status>
</test>
<doc>Example test cases using the data-driven testing approach.

Tests use `Calculate` keyword created in this file, that in
turn uses keywords in `CalculatorLibrary`. An exception is
the last test that has a custom _template keyword_.

The data-driven style works well when you need to repeat
the same workflow multiple times.

Notice that one of these tests fails on purpose to show how
failures look like.</doc>
<metadata>
</metadata>
<status status="FAIL" endtime="20150217 10:09:37.234" starttime="20150217 10:09:37.015"></status>
</suite>
<suite source="C:\Documents and Settings\chuck\Desktop\shri\Development\test_scripts\robot\RobotDemo\gherkin.txt" id="s1-s2-s2" name="Gherkin">
<test id="s1-s2-s2-t1" name="Addition">
<kw type="kw" name="Given calculator has been cleared">
<doc></doc>
<arguments>
</arguments>
<kw type="kw" name="Push button">
<doc></doc>
<arguments>
<arg>C</arg>
</arguments>
<msg timestamp="20150217 10:09:37.328" level="FAIL">No keyword with name 'Push button' found.</msg>
<status status="FAIL" endtime="20150217 10:09:37.328" starttime="20150217 10:09:37.328"></status>
</kw>
<status status="FAIL" endtime="20150217 10:09:37.328" starttime="20150217 10:09:37.328"></status>
</kw>
<doc></doc>
<tags>
</tags>
<status status="FAIL" endtime="20150217 10:09:37.328" critical="yes" starttime="20150217 10:09:37.328">No keyword with name 'Push button' found.</status>
</test>
<doc>Example test case using the gherkin syntax.

This test has a workflow similar to the keyword-driven
examples. The difference is that the keywords use higher
abstraction level and their arguments are embedded into
the keyword names.

This kind of _gherkin_ syntax has been made popular by
[http://cukes.info|Cucumber]. It works well especially when
tests act as examples that need to be easily understood also
by the business people.</doc>
<metadata>
</metadata>
<status status="FAIL" endtime="20150217 10:09:37.343" starttime="20150217 10:09:37.250"></status>
</suite>
<suite source="C:\Documents and Settings\chuck\Desktop\shri\Development\test_scripts\robot\RobotDemo\keyword_driven.txt" id="s1-s2-s3" name="Keyword Driven">
<test id="s1-s2-s3-t1" name="Push button">
<kw type="kw" name="${msg} = calculate">
<doc></doc>
<arguments>
<arg>the message is die</arg>
</arguments>
<msg timestamp="20150217 10:09:37.437" level="FAIL">No keyword with name 'calculate' found.</msg>
<status status="FAIL" endtime="20150217 10:09:37.437" starttime="20150217 10:09:37.437"></status>
</kw>
<doc></doc>
<tags>
<tag>smoke</tag>
</tags>
<status status="FAIL" endtime="20150217 10:09:37.437" critical="yes" starttime="20150217 10:09:37.421">No keyword with name 'calculate' found.</status>
</test>
<test id="s1-s2-s3-t2" name="Push multiple buttons">
<kw type="kw" name="Push button">
<doc></doc>
<arguments>
<arg>1</arg>
</arguments>
<msg timestamp="20150217 10:09:37.437" level="FAIL">No keyword with name 'Push button' found.</msg>
<status status="FAIL" endtime="20150217 10:09:37.437" starttime="20150217 10:09:37.437"></status>
</kw>
<doc></doc>
<tags>
</tags>
<status status="FAIL" endtime="20150217 10:09:37.437" critical="yes" starttime="20150217 10:09:37.437">No keyword with name 'Push button' found.</status>
</test>
<test id="s1-s2-s3-t3" name="Simple calculation">
<kw type="kw" name="Push button">
<doc></doc>
<arguments>
<arg>1</arg>
</arguments>
<msg timestamp="20150217 10:09:37.453" level="FAIL">No keyword with name 'Push button' found.</msg>
<status status="FAIL" endtime="20150217 10:09:37.453" starttime="20150217 10:09:37.453"></status>
</kw>
<doc></doc>
<tags>
<tag>smoke</tag>
</tags>
<status status="FAIL" endtime="20150217 10:09:37.453" critical="yes" starttime="20150217 10:09:37.453">No keyword with name 'Push button' found.</status>
</test>
<test id="s1-s2-s3-t4" name="Longer calculation">
<kw type="kw" name="Push buttons">
<doc></doc>
<arguments>
<arg>5 + 4 - 3 * 2 / 1 =</arg>
</arguments>
<msg timestamp="20150217 10:09:37.468" level="FAIL">No keyword with name 'Push buttons' found.</msg>
<status status="FAIL" endtime="20150217 10:09:37.468" starttime="20150217 10:09:37.468"></status>
</kw>
<doc></doc>
<tags>
</tags>
<status status="FAIL" endtime="20150217 10:09:37.468" critical="yes" starttime="20150217 10:09:37.468">No keyword with name 'Push buttons' found.</status>
</test>
<test id="s1-s2-s3-t5" name="Clear">
<kw type="kw" name="Push button">
<doc></doc>
<arguments>
<arg>1</arg>
</arguments>
<msg timestamp="20150217 10:09:37.484" level="FAIL">No keyword with name 'Push button' found.</msg>
<status status="FAIL" endtime="20150217 10:09:37.484" starttime="20150217 10:09:37.484"></status>
</kw>
<doc></doc>
<tags>
<tag>smoke</tag>
</tags>
<status status="FAIL" endtime="20150217 10:09:37.484" critical="yes" starttime="20150217 10:09:37.484">No keyword with name 'Push button' found.</status>
</test>
<doc>Example test cases using the keyword-driven testing approach.

All tests contain a workflow constructed from keywords in
`CalculatorLibrary`. Creating new tests or editing existing
is easy even for people without programming skills.

This kind of style works well for normal test automation.
If also business people need to understand tests, using
_gherkin_ style may work better.</doc>
<metadata>
</metadata>
<status status="FAIL" endtime="20150217 10:09:37.500" starttime="20150217 10:09:37.359"></status>
</suite>
<doc></doc>
<metadata>
</metadata>
<status status="FAIL" endtime="20150217 10:09:37.515" starttime="20150217 10:09:37.000"></status>
</suite>
<suite source="C:\Documents and Settings\chuck\Desktop\shri\Development\test_scripts\robot\WebDemo" id="s1-s3" name="WebDemo">
<suite source="C:\Documents and Settings\chuck\Desktop\shri\Development\test_scripts\robot\WebDemo\login_tests" id="s1-s3-s1" name="Login Tests">
<suite source="C:\Documents and Settings\chuck\Desktop\shri\Development\test_scripts\robot\WebDemo\login_tests\gherkin_login.txt" id="s1-s3-s1-s1" name="Gherkin Login">
<test id="s1-s3-s1-s1-t1" name="Valid Login">
<kw type="kw" name="Given browser is opened to login page">
<doc></doc>
<arguments>
</arguments>
<kw type="kw" name="resource.Open Browser To Login Page">
<doc></doc>
<arguments>
</arguments>
<kw type="kw" name="Selenium2Library.Open Browser">
<doc>Opens a new browser instance to given URL.</doc>
<arguments>
<arg>${LOGIN_URL}</arg>
<arg>${BROWSER}</arg>
<arg>remote_url=</arg>
</arguments>
<msg timestamp="20150217 10:09:37.671" level="INFO">Opening browser 'googlechrome' to base url 'http://localhost:7272/'</msg>
<kw type="kw" name="Selenium2Library.Capture Page Screenshot">
<doc>Takes a screenshot of the current page and embeds it into the log.</doc>
<arguments>
</arguments>
<msg timestamp="20150217 10:09:37.828" level="FAIL">No browser is open</msg>
<status status="FAIL" endtime="20150217 10:09:37.828" starttime="20150217 10:09:37.796"></status>
</kw>
<msg timestamp="20150217 10:09:37.828" level="WARN">Keyword 'Capture Page Screenshot' could not be run on failure: No browser is open</msg>
<msg timestamp="20150217 10:09:37.859" level="FAIL">WebDriverException: Message: 'ChromeDriver executable needs to be available in the path.                 Please download from http://chromedriver.storage.googleapis.com/index.html                and read up at http://code.google.com/p/selenium/wiki/ChromeDriver' </msg>
<status status="FAIL" endtime="20150217 10:09:37.859" starttime="20150217 10:09:37.671"></status>
</kw>
<status status="FAIL" endtime="20150217 10:09:37.859" starttime="20150217 10:09:37.671"></status>
</kw>
<status status="FAIL" endtime="20150217 10:09:37.859" starttime="20150217 10:09:37.671"></status>
</kw>
<kw type="teardown" name="Selenium2Library.Close Browser">
<doc>Closes the current browser.</doc>
<arguments>
</arguments>
<status status="PASS" endtime="20150217 10:09:37.859" starttime="20150217 10:09:37.859"></status>
</kw>
<doc></doc>
<tags>
</tags>
<status status="FAIL" endtime="20150217 10:09:37.859" critical="yes" starttime="20150217 10:09:37.656">WebDriverException: Message: 'ChromeDriver executable needs to be available in the path.                 Please download from http://chromedriver.storage.googleapis.com/index.html                and read up at http://code.google.com/p/selenium/wiki/ChromeDriver' </status>
</test>
<doc>A test suite with a single Gherkin style test.

This test is functionally identical to the example in
valid_login.txt file.</doc>
<metadata>
</metadata>
<status status="FAIL" endtime="20150217 10:09:37.875" starttime="20150217 10:09:37.546"></status>
</suite>
<suite source="C:\Documents and Settings\chuck\Desktop\shri\Development\test_scripts\robot\WebDemo\login_tests\invalid_login.txt" id="s1-s3-s1-s2" name="Invalid Login">
<kw type="setup" name="resource.Open Browser To Login Page">
<doc></doc>
<arguments>
</arguments>
<kw type="kw" name="Selenium2Library.Open Browser">
<doc>Opens a new browser instance to given URL.</doc>
<arguments>
<arg>${LOGIN_URL}</arg>
<arg>${BROWSER}</arg>
<arg>remote_url=</arg>
</arguments>
<msg timestamp="20150217 10:09:37.921" level="INFO">Opening browser 'googlechrome' to base url 'http://localhost:7272/'</msg>
<kw type="kw" name="Selenium2Library.Capture Page Screenshot">
<doc>Takes a screenshot of the current page and embeds it into the log.</doc>
<arguments>
</arguments>
<msg timestamp="20150217 10:09:37.921" level="FAIL">No browser is open</msg>
<status status="FAIL" endtime="20150217 10:09:37.921" starttime="20150217 10:09:37.921"></status>
</kw>
<msg timestamp="20150217 10:09:37.921" level="WARN">Keyword 'Capture Page Screenshot' could not be run on failure: No browser is open</msg>
<msg timestamp="20150217 10:09:37.921" level="FAIL">WebDriverException: Message: 'ChromeDriver executable needs to be available in the path.                 Please download from http://chromedriver.storage.googleapis.com/index.html                and read up at http://code.google.com/p/selenium/wiki/ChromeDriver' </msg>
<status status="FAIL" endtime="20150217 10:09:37.921" starttime="20150217 10:09:37.906"></status>
</kw>
<status status="FAIL" endtime="20150217 10:09:37.921" starttime="20150217 10:09:37.906"></status>
</kw>
<test id="s1-s3-s1-s2-t1" name="Invalid Username">
<doc></doc>
<tags>
</tags>
<status status="FAIL" endtime="20150217 10:09:37.921" critical="yes" starttime="20150217 10:09:37.921">Parent suite setup failed:
WebDriverException: Message: 'ChromeDriver executable needs to be available in the path.                 Please download from http://chromedriver.storage.googleapis.com/index.html                and read up at http://code.google.com/p/selenium/wiki/ChromeDriver' </status>
</test>
<test id="s1-s3-s1-s2-t2" name="Invalid Password">
<doc></doc>
<tags>
</tags>
<status status="FAIL" endtime="20150217 10:09:37.953" critical="yes" starttime="20150217 10:09:37.937">Parent suite setup failed:
WebDriverException: Message: 'ChromeDriver executable needs to be available in the path.                 Please download from http://chromedriver.storage.googleapis.com/index.html                and read up at http://code.google.com/p/selenium/wiki/ChromeDriver' </status>
</test>
<test id="s1-s3-s1-s2-t3" name="Invalid Username And Password">
<doc></doc>
<tags>
</tags>
<status status="FAIL" endtime="20150217 10:09:37.968" critical="yes" starttime="20150217 10:09:37.968">Parent suite setup failed:
WebDriverException: Message: 'ChromeDriver executable needs to be available in the path.                 Please download from http://chromedriver.storage.googleapis.com/index.html                and read up at http://code.google.com/p/selenium/wiki/ChromeDriver' </status>
</test>
<test id="s1-s3-s1-s2-t4" name="Empty Username">
<doc></doc>
<tags>
</tags>
<status status="FAIL" endtime="20150217 10:09:37.984" critical="yes" starttime="20150217 10:09:37.984">Parent suite setup failed:
WebDriverException: Message: 'ChromeDriver executable needs to be available in the path.                 Please download from http://chromedriver.storage.googleapis.com/index.html                and read up at http://code.google.com/p/selenium/wiki/ChromeDriver' </status>
</test>
<test id="s1-s3-s1-s2-t5" name="Empty Password">
<doc></doc>
<tags>
</tags>
<status status="FAIL" endtime="20150217 10:09:38.000" critical="yes" starttime="20150217 10:09:38.000">Parent suite setup failed:
WebDriverException: Message: 'ChromeDriver executable needs to be available in the path.                 Please download from http://chromedriver.storage.googleapis.com/index.html                and read up at http://code.google.com/p/selenium/wiki/ChromeDriver' </status>
</test>
<test id="s1-s3-s1-s2-t6" name="Empty Username And Password">
<doc></doc>
<tags>
</tags>
<status status="FAIL" endtime="20150217 10:09:38.015" critical="yes" starttime="20150217 10:09:38.015">Parent suite setup failed:
WebDriverException: Message: 'ChromeDriver executable needs to be available in the path.                 Please download from http://chromedriver.storage.googleapis.com/index.html                and read up at http://code.google.com/p/selenium/wiki/ChromeDriver' </status>
</test>
<kw type="teardown" name="Selenium2Library.Close Browser">
<doc>Closes the current browser.</doc>
<arguments>
</arguments>
<status status="PASS" endtime="20150217 10:09:38.031" starttime="20150217 10:09:38.031"></status>
</kw>
<doc>A test suite containing tests related to invalid login.

These tests are data-driven by they nature. They use a single
keyword, specified with Test Template setting, that is called
with different arguments to cover different scenarios.

This suite also demonstrates using setups and teardowns in
different levels.</doc>
<metadata>
</metadata>
<status status="FAIL" endtime="20150217 10:09:38.031" starttime="20150217 10:09:37.890">Suite setup failed:
WebDriverException: Message: 'ChromeDriver executable needs to be available in the path.                 Please download from http://chromedriver.storage.googleapis.com/index.html                and read up at http://code.google.com/p/selenium/wiki/ChromeDriver' </status>
</suite>
<suite source="C:\Documents and Settings\chuck\Desktop\shri\Development\test_scripts\robot\WebDemo\login_tests\valid_login.txt" id="s1-s3-s1-s3" name="Valid Login">
<test id="s1-s3-s1-s3-t1" name="Valid Login">
<kw type="kw" name="resource.Open Browser To Login Page">
<doc></doc>
<arguments>
</arguments>
<kw type="kw" name="Selenium2Library.Open Browser">
<doc>Opens a new browser instance to given URL.</doc>
<arguments>
<arg>${LOGIN_URL}</arg>
<arg>${BROWSER}</arg>
<arg>remote_url=</arg>
</arguments>
<msg timestamp="20150217 10:09:38.093" level="INFO">Opening browser 'googlechrome' to base url 'http://localhost:7272/'</msg>
<kw type="kw" name="Selenium2Library.Capture Page Screenshot">
<doc>Takes a screenshot of the current page and embeds it into the log.</doc>
<arguments>
</arguments>
<msg timestamp="20150217 10:09:38.093" level="FAIL">No browser is open</msg>
<status status="FAIL" endtime="20150217 10:09:38.093" starttime="20150217 10:09:38.093"></status>
</kw>
<msg timestamp="20150217 10:09:38.093" level="WARN">Keyword 'Capture Page Screenshot' could not be run on failure: No browser is open</msg>
<msg timestamp="20150217 10:09:38.093" level="FAIL">WebDriverException: Message: 'ChromeDriver executable needs to be available in the path.                 Please download from http://chromedriver.storage.googleapis.com/index.html                and read up at http://code.google.com/p/selenium/wiki/ChromeDriver' </msg>
<status status="FAIL" endtime="20150217 10:09:38.093" starttime="20150217 10:09:38.093"></status>
</kw>
<status status="FAIL" endtime="20150217 10:09:38.093" starttime="20150217 10:09:38.093"></status>
</kw>
<kw type="teardown" name="Selenium2Library.Close Browser">
<doc>Closes the current browser.</doc>
<arguments>
</arguments>
<status status="PASS" endtime="20150217 10:09:38.109" starttime="20150217 10:09:38.093"></status>
</kw>
<doc></doc>
<tags>
</tags>
<status status="FAIL" endtime="20150217 10:09:38.109" critical="yes" starttime="20150217 10:09:38.078">WebDriverException: Message: 'ChromeDriver executable needs to be available in the path.                 Please download from http://chromedriver.storage.googleapis.com/index.html                and read up at http://code.google.com/p/selenium/wiki/ChromeDriver' </status>
</test>
<doc>A test suite with a single test for valid login.

This test has a workflow that is created using keywords in
the imported resource file.</doc>
<metadata>
</metadata>
<status status="FAIL" endtime="20150217 10:09:38.109" starttime="20150217 10:09:38.062"></status>
</suite>
<doc></doc>
<metadata>
</metadata>
<status status="FAIL" endtime="20150217 10:09:38.125" starttime="20150217 10:09:37.531"></status>
</suite>
<doc></doc>
<metadata>
</metadata>
<status status="FAIL" endtime="20150217 10:09:38.140" starttime="20150217 10:09:37.531"></status>
</suite>
<doc></doc>
<metadata>
</metadata>
<status status="FAIL" endtime="20150217 10:09:38.156" starttime="20150217 10:09:09.421"></status>
</suite>
<statistics>
<total>
<stat fail="21" pass="1">Critical Tests</stat>
<stat fail="21" pass="1">All Tests</stat>
</total>
<tag>
<stat info="" links="" doc="" combined="" pass="0" fail="3">smoke</stat>
</tag>
<suite>
<stat fail="21" pass="1" id="s1" name="Robot">Robot</stat>
<stat fail="1" pass="1" id="s1-s1" name="Grubhub">Robot.Grubhub</stat>
<stat fail="1" pass="1" id="s1-s1-s1" name="Valid Login">Robot.Grubhub.Valid Login</stat>
<stat fail="12" pass="0" id="s1-s2" name="RobotDemo">Robot.RobotDemo</stat>
<stat fail="6" pass="0" id="s1-s2-s1" name="Data Driven">Robot.RobotDemo.Data Driven</stat>
<stat fail="1" pass="0" id="s1-s2-s2" name="Gherkin">Robot.RobotDemo.Gherkin</stat>
<stat fail="5" pass="0" id="s1-s2-s3" name="Keyword Driven">Robot.RobotDemo.Keyword Driven</stat>
<stat fail="8" pass="0" id="s1-s3" name="WebDemo">Robot.WebDemo</stat>
<stat fail="8" pass="0" id="s1-s3-s1" name="Login Tests">Robot.WebDemo.Login Tests</stat>
<stat fail="1" pass="0" id="s1-s3-s1-s1" name="Gherkin Login">Robot.WebDemo.Login Tests.Gherkin Login</stat>
<stat fail="6" pass="0" id="s1-s3-s1-s2" name="Invalid Login">Robot.WebDemo.Login Tests.Invalid Login</stat>
<stat fail="1" pass="0" id="s1-s3-s1-s3" name="Valid Login">Robot.WebDemo.Login Tests.Valid Login</stat>
</suite>
</statistics>
<errors>
<msg timestamp="20150217 10:09:37.078" level="ERROR">Error in file 'C:\Documents and Settings\chuck\Desktop\shri\Development\test_scripts\robot\RobotDemo\data_driven.txt': Importing test library 'CalculatorLibrary' failed: ImportError: No module named CalculatorLibrary
Traceback (most recent call last):
  None
PYTHONPATH:
  C:\Python27\lib\site-packages\robot\libraries
  C:\Python27\lib\site-packages
  C:\Python27\lib\site-packages\pdbpp-0.7.2-py2.7.egg
  C:\Python27\lib\site-packages\wmctrl-0.1-py2.7.egg
  C:\Python27\lib\site-packages\fancycompleter-0.4-py2.7.egg
  C:\Python27\lib\site-packages\pyrepl-0.8.4-py2.7.egg
  C:\WINDOWS\system32\python27.zip
  C:\Python27\DLLs
  C:\Python27\lib
  C:\Python27\lib\plat-win
  C:\Python27\lib\lib-tk
  C:\Python27
  .
  C:\Documents and Settings\chuck\Desktop\shri\Development\test_scripts\robot</msg>
<msg timestamp="20150217 10:09:37.265" level="ERROR">Error in file 'C:\Documents and Settings\chuck\Desktop\shri\Development\test_scripts\robot\RobotDemo\gherkin.txt': Importing test library 'CalculatorLibrary' failed: ImportError: No module named CalculatorLibrary
Traceback (most recent call last):
  None
PYTHONPATH:
  C:\Python27\lib\site-packages\robot\libraries
  C:\Python27\lib\site-packages
  C:\Python27\lib\site-packages\pdbpp-0.7.2-py2.7.egg
  C:\Python27\lib\site-packages\wmctrl-0.1-py2.7.egg
  C:\Python27\lib\site-packages\fancycompleter-0.4-py2.7.egg
  C:\Python27\lib\site-packages\pyrepl-0.8.4-py2.7.egg
  C:\WINDOWS\system32\python27.zip
  C:\Python27\DLLs
  C:\Python27\lib
  C:\Python27\lib\plat-win
  C:\Python27\lib\lib-tk
  C:\Python27
  .
  C:\Documents and Settings\chuck\Desktop\shri\Development\test_scripts\robot</msg>
<msg timestamp="20150217 10:09:37.359" level="ERROR">Error in file 'C:\Documents and Settings\chuck\Desktop\shri\Development\test_scripts\robot\RobotDemo\keyword_driven.txt': Importing test library 'CalculatorLibrary' failed: ImportError: No module named CalculatorLibrary
Traceback (most recent call last):
  None
PYTHONPATH:
  C:\Python27\lib\site-packages\robot\libraries
  C:\Python27\lib\site-packages
  C:\Python27\lib\site-packages\pdbpp-0.7.2-py2.7.egg
  C:\Python27\lib\site-packages\wmctrl-0.1-py2.7.egg
  C:\Python27\lib\site-packages\fancycompleter-0.4-py2.7.egg
  C:\Python27\lib\site-packages\pyrepl-0.8.4-py2.7.egg
  C:\WINDOWS\system32\python27.zip
  C:\Python27\DLLs
  C:\Python27\lib
  C:\Python27\lib\plat-win
  C:\Python27\lib\lib-tk
  C:\Python27
  .
  C:\Documents and Settings\chuck\Desktop\shri\Development\test_scripts\robot</msg>
<msg timestamp="20150217 10:09:37.828" level="WARN">Keyword 'Capture Page Screenshot' could not be run on failure: No browser is open</msg>
<msg timestamp="20150217 10:09:37.921" level="WARN">Keyword 'Capture Page Screenshot' could not be run on failure: No browser is open</msg>
<msg timestamp="20150217 10:09:38.093" level="WARN">Keyword 'Capture Page Screenshot' could not be run on failure: No browser is open</msg>
</errors>
</robot>
